[sse:error] Cut path 1 (uninterpreted "hlt") @ 0x00401024
[sse:info] Empty path worklist: halting ...
[sse:info] SMT queries
             Preprocessing simplifications
               total          1
               true           0
               false          0
               constant enum  1
             
             Satisfiability queries
               total          0
               sat            0
               unsat          0
               unknown        0
               time           0.00
               average        -nan
             
           Exploration
             total paths                      1
             completed/cut paths              0
             pending paths                    0
             stale paths                      1
             failed assertions                0
             branching points                 1
             max path depth                   194
             visited instructions (unrolled)  194
             visited instructions (static)    194
             
           
[checkct:result] Program status is : unknown (0.093)
[checkct:info] 0 visited path covering 194 instructions
[checkct:info] 1 / 1 control flow checks pass
[checkct:info] 75 / 75 memory access checks pass
[checkct:warning] Exploration is incomplete:
